#
# There is insufficient memory for the Java Runtime Environment to continue.
# Native memory allocation (mmap) failed to map 65536 bytes for Failed to commit metaspace.
# Possible reasons:
#   The system is out of physical RAM or swap space
#   The process is running with CompressedOops enabled, and the Java Heap may be blocking the growth of the native heap
# Possible solutions:
#   Reduce memory load on the system
#   Increase physical memory or swap space
#   Check if swap backing store is full
#   Decrease Java heap size (-Xmx/-Xms)
#   Decrease number of Java threads
#   Decrease Java thread stack sizes (-Xss)
#   Set larger code cache with -XX:ReservedCodeCacheSize=
#   JVM is running with Unscaled Compressed Oops mode in which the Java heap is
#     placed in the first 4GB address space. The Java Heap base address is the
#     maximum limit for the native heap growth. Please use -XX:HeapBaseMinAddress
#     to set the Java Heap base and to place the Java Heap above 4GB virtual address.
# This output file may be truncated or incomplete.
#
#  Out of Memory Error (virtualSpaceNode.cpp:110), pid=8480, tid=7272
#
# JRE version: OpenJDK Runtime Environment Temurin-17.0.1+12 (17.0.1+12) (build 17.0.1+12)
# Java VM: OpenJDK 64-Bit Server VM Temurin-17.0.1+12 (17.0.1+12, mixed mode, emulated-client, tiered, compressed oops, compressed class ptrs, g1 gc, windows-amd64)
# No core dump will be written. Minidumps are not enabled by default on client versions of Windows
#

---------------  S U M M A R Y ------------

Command Line: -Dcom.sun.management.jmxremote -Dcom.sun.management.jmxremote.port=55879 -Dcom.sun.management.jmxremote.authenticate=false -Dcom.sun.management.jmxremote.ssl=false -Djava.rmi.server.hostname=localhost -Dspring.jmx.enabled=true -Dspring.application.admin.enabled=true -XX:TieredStopAtLevel=1 -Dspring.boot.project.name=review -Dfile.encoding=UTF-8 -XX:+ShowCodeDetailsInExceptionMessages com.example.review.ReviewApplication --spring.output.ansi.enabled=always

Host: Intel(R) Core(TM) i5-8250U CPU @ 1.60GHz, 8 cores, 7G,  Windows 10 , 64 bit Build 16299 (10.0.16299.15)
Time: Sat Feb 26 20:31:12 2022 Восточное время США (зима) elapsed time: 0.444135 seconds (0d 0h 0m 0s)

---------------  T H R E A D  ---------------

Current thread (0x0000022848aa5d60):  JavaThread "main" [_thread_in_vm, id=7272, stack(0x000000d256700000,0x000000d256800000)]

Stack: [0x000000d256700000,0x000000d256800000]
Native frames: (J=compiled Java code, j=interpreted, Vv=VM code, C=native code)
V  [jvm.dll+0x6744da]
V  [jvm.dll+0x82e144]
V  [jvm.dll+0x82f8ee]
V  [jvm.dll+0x82ff53]
V  [jvm.dll+0x245175]
V  [jvm.dll+0x82a0eb]
V  [jvm.dll+0x619566]
V  [jvm.dll+0x6195ca]
V  [jvm.dll+0x61bdea]
V  [jvm.dll+0x619f06]
V  [jvm.dll+0x2396df]
V  [jvm.dll+0x623b45]
V  [jvm.dll+0x1e9e4b]
V  [jvm.dll+0x1ea385]
V  [jvm.dll+0x1eadbf]
V  [jvm.dll+0x1e0261]
V  [jvm.dll+0x53b150]
V  [jvm.dll+0x1f0a57]
V  [jvm.dll+0x7a87ab]
V  [jvm.dll+0x7a9b52]
V  [jvm.dll+0x7a9e88]
V  [jvm.dll+0x23d45e]
V  [jvm.dll+0x37e5ae]
C  0x000002284c0c9a6e

Java frames: (J=compiled Java code, j=interpreted, Vv=VM code)
j  java.lang.management.DefaultPlatformMBeanProvider.init()Ljava/util/List;+9 java.management@17.0.1
j  java.lang.management.DefaultPlatformMBeanProvider.<init>()V+6 java.management@17.0.1
j  java.lang.management.ManagementFactory$PlatformMBeanFinder$1.run()Ljava/util/List;+52 java.management@17.0.1
j  java.lang.management.ManagementFactory$PlatformMBeanFinder$1.run()Ljava/lang/Object;+1 java.management@17.0.1
j  java.security.AccessController.executePrivileged(Ljava/security/PrivilegedAction;Ljava/security/AccessControlContext;Ljava/lang/Class;)Ljava/lang/Object;+29 java.base@17.0.1
j  java.security.AccessController.doPrivileged(Ljava/security/PrivilegedAction;Ljava/security/AccessControlContext;)Ljava/lang/Object;+13 java.base@17.0.1
j  java.security.AccessController.doPrivileged(Ljava/security/PrivilegedAction;Ljava/security/AccessControlContext;[Ljava/security/Permission;)Ljava/lang/Object;+48 java.base@17.0.1
j  java.lang.management.ManagementFactory$PlatformMBeanFinder.<clinit>()V+38 java.management@17.0.1
v  ~StubRoutines::call_stub
j  java.lang.management.ManagementFactory.platformComponents()Ljava/util/Collection;+0 java.management@17.0.1
j  java.lang.management.ManagementFactory.getPlatformMBeanServer()Ljavax/management/MBeanServer;+35 java.management@17.0.1
j  sun.management.jmxremote.ConnectorBootstrap.startRemoteConnectorServer(Ljava/lang/String;Ljava/util/Properties;)Ljavax/management/remote/JMXConnectorServer;+579 jdk.management.agent@17.0.1
j  jdk.internal.agent.Agent.startAgent(Ljava/util/Properties;)V+48 jdk.management.agent@17.0.1
j  jdk.internal.agent.Agent.startAgent()V+20 jdk.management.agent@17.0.1
v  ~StubRoutines::call_stub

---------------  P R O C E S S  ---------------

Threads class SMR info:
_java_thread_list=0x0000022857bd6290, length=12, elements={
0x0000022848aa5d60, 0x0000022856acb870, 0x0000022856acee30, 0x00000228575f4460,
0x00000228575f7140, 0x00000228575fab10, 0x00000228576074f0, 0x000002285762b400,
0x000002285762b950, 0x0000022857acdf30, 0x0000022857b895d0, 0x0000022857c04e30
}

Java Threads: ( => current thread )
=>0x0000022848aa5d60 JavaThread "main" [_thread_in_vm, id=7272, stack(0x000000d256700000,0x000000d256800000)]
  0x0000022856acb870 JavaThread "Reference Handler" daemon [_thread_blocked, id=10516, stack(0x000000d256e00000,0x000000d256f00000)]
  0x0000022856acee30 JavaThread "Finalizer" daemon [_thread_blocked, id=8352, stack(0x000000d256f00000,0x000000d257000000)]
  0x00000228575f4460 JavaThread "Signal Dispatcher" daemon [_thread_blocked, id=4436, stack(0x000000d257000000,0x000000d257100000)]
  0x00000228575f7140 JavaThread "Attach Listener" daemon [_thread_blocked, id=6240, stack(0x000000d257100000,0x000000d257200000)]
  0x00000228575fab10 JavaThread "Service Thread" daemon [_thread_blocked, id=7032, stack(0x000000d257200000,0x000000d257300000)]
  0x00000228576074f0 JavaThread "Monitor Deflation Thread" daemon [_thread_blocked, id=3624, stack(0x000000d257300000,0x000000d257400000)]
  0x000002285762b400 JavaThread "C1 CompilerThread0" daemon [_thread_blocked, id=4932, stack(0x000000d257400000,0x000000d257500000)]
  0x000002285762b950 JavaThread "Sweeper thread" daemon [_thread_blocked, id=10152, stack(0x000000d257500000,0x000000d257600000)]
  0x0000022857acdf30 JavaThread "Common-Cleaner" daemon [_thread_blocked, id=9772, stack(0x000000d257600000,0x000000d257700000)]
  0x0000022857b895d0 JavaThread "C1 CompilerThread1" daemon [_thread_blocked, id=9340, stack(0x000000d257700000,0x000000d257800000)]
  0x0000022857c04e30 JavaThread "Notification Thread" daemon [_thread_blocked, id=10500, stack(0x000000d257800000,0x000000d257900000)]

Other Threads:
  0x00000228569e1380 VMThread "VM Thread" [stack: 0x000000d256d00000,0x000000d256e00000] [id=7864]
  0x0000022848ade810 GCTaskThread "GC Thread#0" [stack: 0x000000d256800000,0x000000d256900000] [id=5440]
  0x000002284f1f9b80 ConcurrentGCThread "G1 Main Marker" [stack: 0x000000d256900000,0x000000d256a00000] [id=10932]
  0x000002284f1fa2b0 ConcurrentGCThread "G1 Conc#0" [stack: 0x000000d256a00000,0x000000d256b00000] [id=1144]
  0x000002284f295f60 ConcurrentGCThread "G1 Refine#0" [stack: 0x000000d256b00000,0x000000d256c00000] [id=9528]
  0x000002284f296840 ConcurrentGCThread "G1 Service" [stack: 0x000000d256c00000,0x000000d256d00000] [id=2408]

Threads with active compile tasks:

VM state: not at safepoint (normal execution)

VM Mutex/Monitor currently owned by a thread:  ([mutex/lock_event])
[0x0000022848a9bb00] Metaspace_lock - owner thread: 0x0000022848aa5d60

Heap address: 0x0000000082000000, size: 2016 MB, Compressed Oops mode: 32-bit

CDS archive(s) not mapped
Compressed class space mapped at: 0x0000000100000000-0x0000000140000000, reserved size: 1073741824
Narrow klass base: 0x0000000000000000, Narrow klass shift: 3, Narrow klass range: 0x140000000

GC Precious Log:
 CPUs: 8 total, 8 available
 Memory: 8058M
 Large Page Support: Disabled
 NUMA Support: Disabled
 Compressed Oops: Enabled (32-bit)
 Heap Region Size: 1M
 Heap Min Capacity: 8M
 Heap Initial Capacity: 126M
 Heap Max Capacity: 2016M
 Pre-touch: Disabled
 Parallel Workers: 8
 Concurrent Workers: 2
 Concurrent Refinement Workers: 8
 Periodic GC: Disabled

Heap:
 garbage-first heap   total 129024K, used 6144K [0x0000000082000000, 0x0000000100000000)
  region size 1024K, 7 young (7168K), 0 survivors (0K)
 Metaspace       used 7160K, committed 7232K, reserved 1056768K
  class space    used 634K, committed 704K, reserved 1048576K

Heap Regions: E=young(eden), S=young(survivor), O=old, HS=humongous(starts), HC=humongous(continues), CS=collection set, F=free, OA=open archive, CA=closed archive, TAMS=top-at-mark-start (previous, next)
|   0|0x0000000082000000, 0x0000000082100000, 0x0000000082100000|100%|HS|  |TAMS 0x0000000082000000, 0x0000000082000000| Complete 
|   1|0x0000000082100000, 0x0000000082100000, 0x0000000082200000|  0%| F|  |TAMS 0x0000000082100000, 0x0000000082100000| Untracked 
|   2|0x0000000082200000, 0x0000000082200000, 0x0000000082300000|  0%| F|  |TAMS 0x0000000082200000, 0x0000000082200000| Untracked 
|   3|0x0000000082300000, 0x0000000082300000, 0x0000000082400000|  0%| F|  |TAMS 0x0000000082300000, 0x0000000082300000| Untracked 
|   4|0x0000000082400000, 0x0000000082400000, 0x0000000082500000|  0%| F|  |TAMS 0x0000000082400000, 0x0000000082400000| Untracked 
|   5|0x0000000082500000, 0x0000000082500000, 0x0000000082600000|  0%| F|  |TAMS 0x0000000082500000, 0x0000000082500000| Untracked 
|   6|0x0000000082600000, 0x0000000082600000, 0x0000000082700000|  0%| F|  |TAMS 0x0000000082600000, 0x0000000082600000| Untracked 
|   7|0x0000000082700000, 0x0000000082700000, 0x0000000082800000|  0%| F|  |TAMS 0x0000000082700000, 0x0000000082700000| Untracked 
|   8|0x0000000082800000, 0x0000000082800000, 0x0000000082900000|  0%| F|  |TAMS 0x0000000082800000, 0x0000000082800000| Untracked 
|   9|0x0000000082900000, 0x0000000082900000, 0x0000000082a00000|  0%| F|  |TAMS 0x0000000082900000, 0x0000000082900000| Untracked 
|  10|0x0000000082a00000, 0x0000000082a00000, 0x0000000082b00000|  0%| F|  |TAMS 0x0000000082a00000, 0x0000000082a00000| Untracked 
|  11|0x0000000082b00000, 0x0000000082b00000, 0x0000000082c00000|  0%| F|  |TAMS 0x0000000082b00000, 0x0000000082b00000| Untracked 
|  12|0x0000000082c00000, 0x0000000082c00000, 0x0000000082d00000|  0%| F|  |TAMS 0x0000000082c00000, 0x0000000082c00000| Untracked 
|  13|0x0000000082d00000, 0x0000000082d00000, 0x0000000082e00000|  0%| F|  |TAMS 0x0000000082d00000, 0x0000000082d00000| Untracked 
|  14|0x0000000082e00000, 0x0000000082e00000, 0x0000000082f00000|  0%| F|  |TAMS 0x0000000082e00000, 0x0000000082e00000| Untracked 
|  15|0x0000000082f00000, 0x0000000082f00000, 0x0000000083000000|  0%| F|  |TAMS 0x0000000082f00000, 0x0000000082f00000| Untracked 
|  16|0x0000000083000000, 0x0000000083000000, 0x0000000083100000|  0%| F|  |TAMS 0x0000000083000000, 0x0000000083000000| Untracked 
|  17|0x0000000083100000, 0x0000000083100000, 0x0000000083200000|  0%| F|  |TAMS 0x0000000083100000, 0x0000000083100000| Untracked 
|  18|0x0000000083200000, 0x0000000083200000, 0x0000000083300000|  0%| F|  |TAMS 0x0000000083200000, 0x0000000083200000| Untracked 
|  19|0x0000000083300000, 0x0000000083300000, 0x0000000083400000|  0%| F|  |TAMS 0x0000000083300000, 0x0000000083300000| Untracked 
|  20|0x0000000083400000, 0x0000000083400000, 0x0000000083500000|  0%| F|  |TAMS 0x0000000083400000, 0x0000000083400000| Untracked 
|  21|0x0000000083500000, 0x0000000083500000, 0x0000000083600000|  0%| F|  |TAMS 0x0000000083500000, 0x0000000083500000| Untracked 
|  22|0x0000000083600000, 0x0000000083600000, 0x0000000083700000|  0%| F|  |TAMS 0x0000000083600000, 0x0000000083600000| Untracked 
|  23|0x0000000083700000, 0x0000000083700000, 0x0000000083800000|  0%| F|  |TAMS 0x0000000083700000, 0x0000000083700000| Untracked 
|  24|0x0000000083800000, 0x0000000083800000, 0x0000000083900000|  0%| F|  |TAMS 0x0000000083800000, 0x0000000083800000| Untracked 
|  25|0x0000000083900000, 0x0000000083900000, 0x0000000083a00000|  0%| F|  |TAMS 0x0000000083900000, 0x0000000083900000| Untracked 
|  26|0x0000000083a00000, 0x0000000083a00000, 0x0000000083b00000|  0%| F|  |TAMS 0x0000000083a00000, 0x0000000083a00000| Untracked 
|  27|0x0000000083b00000, 0x0000000083b00000, 0x0000000083c00000|  0%| F|  |TAMS 0x0000000083b00000, 0x0000000083b00000| Untracked 
|  28|0x0000000083c00000, 0x0000000083c00000, 0x0000000083d00000|  0%| F|  |TAMS 0x0000000083c00000, 0x0000000083c00000| Untracked 
|  29|0x0000000083d00000, 0x0000000083d00000, 0x0000000083e00000|  0%| F|  |TAMS 0x0000000083d00000, 0x0000000083d00000| Untracked 
|  30|0x0000000083e00000, 0x0000000083e00000, 0x0000000083f00000|  0%| F|  |TAMS 0x0000000083e00000, 0x0000000083e00000| Untracked 
|  31|0x0000000083f00000, 0x0000000083f00000, 0x0000000084000000|  0%| F|  |TAMS 0x0000000083f00000, 0x0000000083f00000| Untracked 
|  32|0x0000000084000000, 0x0000000084000000, 0x0000000084100000|  0%| F|  |TAMS 0x0000000084000000, 0x0000000084000000| Untracked 
|  33|0x0000000084100000, 0x0000000084100000, 0x0000000084200000|  0%| F|  |TAMS 0x0000000084100000, 0x0000000084100000| Untracked 
|  34|0x0000000084200000, 0x0000000084200000, 0x0000000084300000|  0%| F|  |TAMS 0x0000000084200000, 0x0000000084200000| Untracked 
|  35|0x0000000084300000, 0x0000000084300000, 0x0000000084400000|  0%| F|  |TAMS 0x0000000084300000, 0x0000000084300000| Untracked 
|  36|0x0000000084400000, 0x0000000084400000, 0x0000000084500000|  0%| F|  |TAMS 0x0000000084400000, 0x0000000084400000| Untracked 
|  37|0x0000000084500000, 0x0000000084500000, 0x0000000084600000|  0%| F|  |TAMS 0x0000000084500000, 0x0000000084500000| Untracked 
|  38|0x0000000084600000, 0x0000000084600000, 0x0000000084700000|  0%| F|  |TAMS 0x0000000084600000, 0x0000000084600000| Untracked 
|  39|0x0000000084700000, 0x0000000084700000, 0x0000000084800000|  0%| F|  |TAMS 0x0000000084700000, 0x0000000084700000| Untracked 
|  40|0x0000000084800000, 0x0000000084800000, 0x0000000084900000|  0%| F|  |TAMS 0x0000000084800000, 0x0000000084800000| Untracked 
|  41|0x0000000084900000, 0x0000000084900000, 0x0000000084a00000|  0%| F|  |TAMS 0x0000000084900000, 0x0000000084900000| Untracked 
|  42|0x0000000084a00000, 0x0000000084a00000, 0x0000000084b00000|  0%| F|  |TAMS 0x0000000084a00000, 0x0000000084a00000| Untracked 
|  43|0x0000000084b00000, 0x0000000084b00000, 0x0000000084c00000|  0%| F|  |TAMS 0x0000000084b00000, 0x0000000084b00000| Untracked 
|  44|0x0000000084c00000, 0x0000000084c00000, 0x0000000084d00000|  0%| F|  |TAMS 0x0000000084c00000, 0x0000000084c00000| Untracked 
|  45|0x0000000084d00000, 0x0000000084d00000, 0x0000000084e00000|  0%| F|  |TAMS 0x0000000084d00000, 0x0000000084d00000| Untracked 
|  46|0x0000000084e00000, 0x0000000084e00000, 0x0000000084f00000|  0%| F|  |TAMS 0x0000000084e00000, 0x0000000084e00000| Untracked 
|  47|0x0000000084f00000, 0x0000000084f00000, 0x0000000085000000|  0%| F|  |TAMS 0x0000000084f00000, 0x0000000084f00000| Untracked 
|  48|0x0000000085000000, 0x0000000085000000, 0x0000000085100000|  0%| F|  |TAMS 0x0000000085000000, 0x0000000085000000| Untracked 
|  49|0x0000000085100000, 0x0000000085100000, 0x0000000085200000|  0%| F|  |TAMS 0x0000000085100000, 0x0000000085100000| Untracked 
|  50|0x0000000085200000, 0x0000000085200000, 0x0000000085300000|  0%| F|  |TAMS 0x0000000085200000, 0x0000000085200000| Untracked 
|  51|0x0000000085300000, 0x0000000085300000, 0x0000000085400000|  0%| F|  |TAMS 0x0000000085300000, 0x0000000085300000| Untracked 
|  52|0x0000000085400000, 0x0000000085400000, 0x0000000085500000|  0%| F|  |TAMS 0x0000000085400000, 0x0000000085400000| Untracked 
|  53|0x0000000085500000, 0x0000000085500000, 0x0000000085600000|  0%| F|  |TAMS 0x0000000085500000, 0x0000000085500000| Untracked 
|  54|0x0000000085600000, 0x0000000085600000, 0x0000000085700000|  0%| F|  |TAMS 0x0000000085600000, 0x0000000085600000| Untracked 
|  55|0x0000000085700000, 0x0000000085700000, 0x0000000085800000|  0%| F|  |TAMS 0x0000000085700000, 0x0000000085700000| Untracked 
|  56|0x0000000085800000, 0x0000000085800000, 0x0000000085900000|  0%| F|  |TAMS 0x0000000085800000, 0x0000000085800000| Untracked 
|  57|0x0000000085900000, 0x0000000085900000, 0x0000000085a00000|  0%| F|  |TAMS 0x0000000085900000, 0x0000000085900000| Untracked 
|  58|0x0000000085a00000, 0x0000000085a00000, 0x0000000085b00000|  0%| F|  |TAMS 0x0000000085a00000, 0x0000000085a00000| Untracked 
|  59|0x0000000085b00000, 0x0000000085b00000, 0x0000000085c00000|  0%| F|  |TAMS 0x0000000085b00000, 0x0000000085b00000| Untracked 
|  60|0x0000000085c00000, 0x0000000085c00000, 0x0000000085d00000|  0%| F|  |TAMS 0x0000000085c00000, 0x0000000085c00000| Untracked 
|  61|0x0000000085d00000, 0x0000000085d00000, 0x0000000085e00000|  0%| F|  |TAMS 0x0000000085d00000, 0x0000000085d00000| Untracked 
|  62|0x0000000085e00000, 0x0000000085e00000, 0x0000000085f00000|  0%| F|  |TAMS 0x0000000085e00000, 0x0000000085e00000| Untracked 
|  63|0x0000000085f00000, 0x0000000085f00000, 0x0000000086000000|  0%| F|  |TAMS 0x0000000085f00000, 0x0000000085f00000| Untracked 
|  64|0x0000000086000000, 0x0000000086000000, 0x0000000086100000|  0%| F|  |TAMS 0x0000000086000000, 0x0000000086000000| Untracked 
|  65|0x0000000086100000, 0x0000000086100000, 0x0000000086200000|  0%| F|  |TAMS 0x0000000086100000, 0x0000000086100000| Untracked 
|  66|0x0000000086200000, 0x0000000086200000, 0x0000000086300000|  0%| F|  |TAMS 0x0000000086200000, 0x0000000086200000| Untracked 
|  67|0x0000000086300000, 0x0000000086300000, 0x0000000086400000|  0%| F|  |TAMS 0x0000000086300000, 0x0000000086300000| Untracked 
|  68|0x0000000086400000, 0x0000000086400000, 0x0000000086500000|  0%| F|  |TAMS 0x0000000086400000, 0x0000000086400000| Untracked 
|  69|0x0000000086500000, 0x0000000086500000, 0x0000000086600000|  0%| F|  |TAMS 0x0000000086500000, 0x0000000086500000| Untracked 
|  70|0x0000000086600000, 0x0000000086600000, 0x0000000086700000|  0%| F|  |TAMS 0x0000000086600000, 0x0000000086600000| Untracked 
|  71|0x0000000086700000, 0x0000000086700000, 0x0000000086800000|  0%| F|  |TAMS 0x0000000086700000, 0x0000000086700000| Untracked 
|  72|0x0000000086800000, 0x0000000086800000, 0x0000000086900000|  0%| F|  |TAMS 0x0000000086800000, 0x0000000086800000| Untracked 
|  73|0x0000000086900000, 0x0000000086900000, 0x0000000086a00000|  0%| F|  |TAMS 0x0000000086900000, 0x0000000086900000| Untracked 
|  74|0x0000000086a00000, 0x0000000086a00000, 0x0000000086b00000|  0%| F|  |TAMS 0x0000000086a00000, 0x0000000086a00000| Untracked 
|  75|0x0000000086b00000, 0x0000000086b00000, 0x0000000086c00000|  0%| F|  |TAMS 0x0000000086b00000, 0x0000000086b00000| Untracked 
|  76|0x0000000086c00000, 0x0000000086c00000, 0x0000000086d00000|  0%| F|  |TAMS 0x0000000086c00000, 0x0000000086c00000| Untracked 
|  77|0x0000000086d00000, 0x0000000086d00000, 0x0000000086e00000|  0%| F|  |TAMS 0x0000000086d00000, 0x0000000086d00000| Untracked 
|  78|0x0000000086e00000, 0x0000000086e00000, 0x0000000086f00000|  0%| F|  |TAMS 0x0000000086e00000, 0x0000000086e00000| Untracked 
|  79|0x0000000086f00000, 0x0000000086f00000, 0x0000000087000000|  0%| F|  |TAMS 0x0000000086f00000, 0x0000000086f00000| Untracked 
|  80|0x0000000087000000, 0x0000000087000000, 0x0000000087100000|  0%| F|  |TAMS 0x0000000087000000, 0x0000000087000000| Untracked 
|  81|0x0000000087100000, 0x0000000087100000, 0x0000000087200000|  0%| F|  |TAMS 0x0000000087100000, 0x0000000087100000| Untracked 
|  82|0x0000000087200000, 0x0000000087200000, 0x0000000087300000|  0%| F|  |TAMS 0x0000000087200000, 0x0000000087200000| Untracked 
|  83|0x0000000087300000, 0x0000000087300000, 0x0000000087400000|  0%| F|  |TAMS 0x0000000087300000, 0x0000000087300000| Untracked 
|  84|0x0000000087400000, 0x0000000087400000, 0x0000000087500000|  0%| F|  |TAMS 0x0000000087400000, 0x0000000087400000| Untracked 
|  85|0x0000000087500000, 0x0000000087500000, 0x0000000087600000|  0%| F|  |TAMS 0x0000000087500000, 0x0000000087500000| Untracked 
|  86|0x0000000087600000, 0x0000000087600000, 0x0000000087700000|  0%| F|  |TAMS 0x0000000087600000, 0x0000000087600000| Untracked 
|  87|0x0000000087700000, 0x0000000087700000, 0x0000000087800000|  0%| F|  |TAMS 0x0000000087700000, 0x0000000087700000| Untracked 
|  88|0x0000000087800000, 0x0000000087800000, 0x0000000087900000|  0%| F|  |TAMS 0x0000000087800000, 0x0000000087800000| Untracked 
|  89|0x0000000087900000, 0x0000000087900000, 0x0000000087a00000|  0%| F|  |TAMS 0x0000000087900000, 0x0000000087900000| Untracked 
|  90|0x0000000087a00000, 0x0000000087a00000, 0x0000000087b00000|  0%| F|  |TAMS 0x0000000087a00000, 0x0000000087a00000| Untracked 
|  91|0x0000000087b00000, 0x0000000087b00000, 0x0000000087c00000|  0%| F|  |TAMS 0x0000000087b00000, 0x0000000087b00000| Untracked 
|  92|0x0000000087c00000, 0x0000000087c00000, 0x0000000087d00000|  0%| F|  |TAMS 0x0000000087c00000, 0x0000000087c00000| Untracked 
|  93|0x0000000087d00000, 0x0000000087d00000, 0x0000000087e00000|  0%| F|  |TAMS 0x0000000087d00000, 0x0000000087d00000| Untracked 
|  94|0x0000000087e00000, 0x0000000087e00000, 0x0000000087f00000|  0%| F|  |TAMS 0x0000000087e00000, 0x0000000087e00000| Untracked 
|  95|0x0000000087f00000, 0x0000000087f00000, 0x0000000088000000|  0%| F|  |TAMS 0x0000000087f00000, 0x0000000087f00000| Untracked 
|  96|0x0000000088000000, 0x0000000088000000, 0x0000000088100000|  0%| F|  |TAMS 0x0000000088000000, 0x0000000088000000| Untracked 
|  97|0x0000000088100000, 0x0000000088100000, 0x0000000088200000|  0%| F|  |TAMS 0x0000000088100000, 0x0000000088100000| Untracked 
|  98|0x0000000088200000, 0x0000000088200000, 0x0000000088300000|  0%| F|  |TAMS 0x0000000088200000, 0x0000000088200000| Untracked 
|  99|0x0000000088300000, 0x0000000088300000, 0x0000000088400000|  0%| F|  |TAMS 0x0000000088300000, 0x0000000088300000| Untracked 
| 100|0x0000000088400000, 0x0000000088400000, 0x0000000088500000|  0%| F|  |TAMS 0x0000000088400000, 0x0000000088400000| Untracked 
| 101|0x0000000088500000, 0x0000000088500000, 0x0000000088600000|  0%| F|  |TAMS 0x0000000088500000, 0x0000000088500000| Untracked 
| 102|0x0000000088600000, 0x0000000088600000, 0x0000000088700000|  0%| F|  |TAMS 0x0000000088600000, 0x0000000088600000| Untracked 
| 103|0x0000000088700000, 0x0000000088700000, 0x0000000088800000|  0%| F|  |TAMS 0x0000000088700000, 0x0000000088700000| Untracked 
| 104|0x0000000088800000, 0x0000000088800000, 0x0000000088900000|  0%| F|  |TAMS 0x0000000088800000, 0x0000000088800000| Untracked 
| 105|0x0000000088900000, 0x0000000088900000, 0x0000000088a00000|  0%| F|  |TAMS 0x0000000088900000, 0x0000000088900000| Untracked 
| 106|0x0000000088a00000, 0x0000000088a00000, 0x0000000088b00000|  0%| F|  |TAMS 0x0000000088a00000, 0x0000000088a00000| Untracked 
| 107|0x0000000088b00000, 0x0000000088b00000, 0x0000000088c00000|  0%| F|  |TAMS 0x0000000088b00000, 0x0000000088b00000| Untracked 
| 108|0x0000000088c00000, 0x0000000088c00000, 0x0000000088d00000|  0%| F|  |TAMS 0x0000000088c00000, 0x0000000088c00000| Untracked 
| 109|0x0000000088d00000, 0x0000000088d00000, 0x0000000088e00000|  0%| F|  |TAMS 0x0000000088d00000, 0x0000000088d00000| Untracked 
| 110|0x0000000088e00000, 0x0000000088e00000, 0x0000000088f00000|  0%| F|  |TAMS 0x0000000088e00000, 0x0000000088e00000| Untracked 
| 111|0x0000000088f00000, 0x0000000088f00000, 0x0000000089000000|  0%| F|  |TAMS 0x0000000088f00000, 0x0000000088f00000| Untracked 
| 112|0x0000000089000000, 0x0000000089000000, 0x0000000089100000|  0%| F|  |TAMS 0x0000000089000000, 0x0000000089000000| Untracked 
| 113|0x0000000089100000, 0x0000000089100000, 0x0000000089200000|  0%| F|  |TAMS 0x0000000089100000, 0x0000000089100000| Untracked 
| 114|0x0000000089200000, 0x0000000089200000, 0x0000000089300000|  0%| F|  |TAMS 0x0000000089200000, 0x0000000089200000| Untracked 
| 115|0x0000000089300000, 0x0000000089300000, 0x0000000089400000|  0%| F|  |TAMS 0x0000000089300000, 0x0000000089300000| Untracked 
| 116|0x0000000089400000, 0x0000000089400000, 0x0000000089500000|  0%| F|  |TAMS 0x0000000089400000, 0x0000000089400000| Untracked 
| 117|0x0000000089500000, 0x0000000089500000, 0x0000000089600000|  0%| F|  |TAMS 0x0000000089500000, 0x0000000089500000| Untracked 
| 118|0x0000000089600000, 0x0000000089600000, 0x0000000089700000|  0%| F|  |TAMS 0x0000000089600000, 0x0000000089600000| Untracked 
| 119|0x0000000089700000, 0x0000000089800000, 0x0000000089800000|100%| E|  |TAMS 0x0000000089700000, 0x0000000089700000| Complete 
| 120|0x0000000089800000, 0x0000000089900000, 0x0000000089900000|100%| E|CS|TAMS 0x0000000089800000, 0x0000000089800000| Complete 
| 121|0x0000000089900000, 0x0000000089a00000, 0x0000000089a00000|100%| E|CS|TAMS 0x0000000089900000, 0x0000000089900000| Complete 
| 122|0x0000000089a00000, 0x0000000089b00000, 0x0000000089b00000|100%| E|  |TAMS 0x0000000089a00000, 0x0000000089a00000| Complete 
| 123|0x0000000089b00000, 0x0000000089c00000, 0x0000000089c00000|100%| E|CS|TAMS 0x0000000089b00000, 0x0000000089b00000| Complete 
| 124|0x0000000089c00000, 0x0000000089d00000, 0x0000000089d00000|100%| E|CS|TAMS 0x0000000089c00000, 0x0000000089c00000| Complete 
| 125|0x0000000089d00000, 0x0000000089e00000, 0x0000000089e00000|100%| E|CS|TAMS 0x0000000089d00000, 0x0000000089d00000| Complete 

Card table byte_map: [0x000002284f7c0000,0x000002284fbb0000] _byte_map_base: 0x000002284f3b0000

Marking Bits (Prev, Next): (CMBitMap*) 0x000002284f1e97f0, (CMBitMap*) 0x000002284f1e9830
 Prev Bits: [0x000002284ffa0000, 0x0000022851f20000)
 Next Bits: [0x0000022851f20000, 0x0000022853ea0000)

Polling page: 0x0000022846690000

Metaspace:

Usage:
  Non-class:      6.37 MB used.
      Class:    634.16 KB used.
       Both:      6.99 MB used.

Virtual space:
  Non-class space:        8.00 MB reserved,       6.38 MB ( 80%) committed,  1 nodes.
      Class space:        1.00 GB reserved,     704.00 KB ( <1%) committed,  1 nodes.
             Both:        1.01 GB reserved,       7.06 MB ( <1%) committed. 

Chunk freelists:
   Non-Class:  1.00 MB
       Class:  3.25 MB
        Both:  4.25 MB

MaxMetaspaceSize: unlimited
CompressedClassSpaceSize: 1.00 GB
Initial GC threshold: 21.00 MB
Current GC threshold: 21.00 MB
CDS: off
MetaspaceReclaimPolicy: balanced
 - commit_granule_bytes: 65536.
 - commit_granule_words: 8192.
 - virtual_space_node_default_size: 1048576.
 - enlarge_chunks_in_place: 1.
 - new_chunks_are_fully_committed: 0.
 - uncommit_free_chunks: 1.
 - use_allocation_guard: 0.
 - handle_deallocations: 1.


Internal statistics:

num_allocs_failed_limit: 0.
num_arena_births: 6.
num_arena_deaths: 0.
num_vsnodes_births: 2.
num_vsnodes_deaths: 0.
num_space_committed: 113.
num_space_uncommitted: 0.
num_chunks_returned_to_freelist: 0.
num_chunks_taken_from_freelist: 25.
num_chunk_merges: 0.
num_chunk_splits: 7.
num_chunks_enlarged: 2.
num_purges: 0.
num_inconsistent_stats: 0.

CodeCache: size=49152Kb used=1994Kb max_used=1994Kb free=47157Kb
 bounds [0x000002284c0b0000, 0x000002284c320000, 0x000002284f0b0000]
 total_blobs=661 nmethods=296 adapters=292
 compilation: enabled
              stopped_count=0, restarted_count=0
 full_count=0

Compilation events (20 events):
Event: 0.418 Thread 0x0000022857b895d0  287       1       jdk.internal.org.objectweb.asm.SymbolTable::addConstantUtf8 (98 bytes)
Event: 0.418 Thread 0x000002285762b400  288       1       jdk.internal.org.objectweb.asm.SymbolTable$Entry::<init> (17 bytes)
Event: 0.418 Thread 0x000002285762b400 nmethod 288 0x000002284c29c390 code [0x000002284c29c520, 0x000002284c29c648]
Event: 0.418 Thread 0x000002285762b400  289       1       jdk.internal.org.objectweb.asm.ByteVector::putByte (39 bytes)
Event: 0.418 Thread 0x000002285762b400 nmethod 289 0x000002284c29c710 code [0x000002284c29c8a0, 0x000002284c29ca08]
Event: 0.418 Thread 0x0000022857b895d0 nmethod 287 0x000002284c29cb10 code [0x000002284c29cd00, 0x000002284c29d098]
Event: 0.418 Thread 0x0000022857b895d0  290       1       java.lang.Class::getModule (5 bytes)
Event: 0.419 Thread 0x0000022857b895d0 nmethod 290 0x000002284c29d390 code [0x000002284c29d520, 0x000002284c29d5f8]
Event: 0.419 Thread 0x0000022857b895d0  291       1       java.io.File::isInvalid (48 bytes)
Event: 0.419 Thread 0x000002285762b400  292       1       java.io.File::getPrefixLength (5 bytes)
Event: 0.419 Thread 0x000002285762b400 nmethod 292 0x000002284c29d690 code [0x000002284c29d820, 0x000002284c29d8f8]
Event: 0.419 Thread 0x0000022857b895d0 nmethod 291 0x000002284c29d990 code [0x000002284c29db40, 0x000002284c29dd38]
Event: 0.426 Thread 0x0000022857b895d0  293       1       java.lang.StringUTF16::compress (50 bytes)
Event: 0.426 Thread 0x0000022857b895d0 nmethod 293 0x000002284c29e110 code [0x000002284c29e2a0, 0x000002284c29e3d8]
Event: 0.438 Thread 0x0000022857b895d0  294 %     1       java.util.Properties$LineReader::readLine @ 224 (584 bytes)
Event: 0.439 Thread 0x000002285762b400  295       1       jdk.internal.org.objectweb.asm.SymbolTable::put (150 bytes)
Event: 0.440 Thread 0x000002285762b400 nmethod 295 0x000002284c29f710 code [0x000002284c29f8e0, 0x000002284c29fe58]
Event: 0.440 Thread 0x000002285762b400  296       1       java.lang.invoke.MethodHandle::type (5 bytes)
Event: 0.440 Thread 0x000002285762b400 nmethod 296 0x000002284c2a0110 code [0x000002284c2a02a0, 0x000002284c2a0378]
Event: 0.440 Thread 0x0000022857b895d0 nmethod 294% 0x000002284c2a0410 code [0x000002284c2a06a0, 0x000002284c2a1a58]

GC Heap History (0 events):
No events

Deoptimization events (0 events):
No events

Classes unloaded (0 events):
No events

Classes redefined (0 events):
No events

Internal exceptions (1 events):
Event: 0.418 Thread 0x0000022848aa5d60 Exception <a 'java/lang/NoSuchMethodError'{0x00000000897909b8}: 'java.lang.Object java.lang.invoke.DirectMethodHandle$Holder.invokeStaticInit(java.lang.Object)'> (0x00000000897909b8) 
thrown [e:\jenkins\tmp\workspace\build\src\src\hotspot\share\interpreter\linkResolver.cpp, line 766]

VM Operations (2 events):
Event: 0.327 Executing VM operation: HandshakeAllThreads
Event: 0.327 Executing VM operation: HandshakeAllThreads done

Events (20 events):
Event: 0.442 loading class com/sun/management/internal/DiagnosticCommandImpl done
Event: 0.442 loading class sun/management/ManagementFactoryHelper
Event: 0.442 loading class sun/management/ManagementFactoryHelper done
Event: 0.442 loading class sun/management/VMManagementImpl
Event: 0.442 loading class sun/management/VMManagement
Event: 0.442 loading class sun/management/VMManagement done
Event: 0.442 loading class sun/management/VMManagementImpl done
Event: 0.442 loading class com/sun/management/internal/PlatformMBeanProviderImpl$5
Event: 0.443 loading class com/sun/management/internal/PlatformMBeanProviderImpl$5 done
Event: 0.443 loading class java/util/Collections$UnmodifiableList
Event: 0.443 loading class java/util/Collections$UnmodifiableList done
Event: 0.443 loading class java/util/Collections$UnmodifiableRandomAccessList
Event: 0.443 loading class java/util/Collections$UnmodifiableRandomAccessList done
Event: 0.443 loading class jdk/management/jfr/internal/FlightRecorderMXBeanProvider
Event: 0.443 loading class jdk/management/jfr/internal/FlightRecorderMXBeanProvider done
Event: 0.443 loading class java/util/concurrent/Callable
Event: 0.443 loading class java/util/concurrent/Callable done
Event: 0.443 loading class java/lang/management/DefaultPlatformMBeanProvider
Event: 0.443 loading class java/lang/management/DefaultPlatformMBeanProvider done
Event: 0.443 loading class java/lang/management/DefaultPlatformMBeanProvider$1


Dynamic libraries:
0x00007ff669d00000 - 0x00007ff669d0e000 	C:\sts-4.13.1.RELEASE\plugins\org.eclipse.justj.openjdk.hotspot.jre.full.win32.x86_64_17.0.1.v20211116-1657\jre\bin\javaw.exe
0x00007ff9a3380000 - 0x00007ff9a3560000 	C:\Windows\SYSTEM32\ntdll.dll
0x00007ff9a0df0000 - 0x00007ff9a0e9e000 	C:\Windows\System32\KERNEL32.DLL
0x00007ff99f820000 - 0x00007ff99fa86000 	C:\Windows\System32\KERNELBASE.dll
0x00007ff99db60000 - 0x00007ff99dbe8000 	C:\Windows\SYSTEM32\apphelp.dll
0x00007ff94d3f0000 - 0x00007ff94d880000 	C:\Windows\SYSTEM32\AcLayers.DLL
0x00007ff9a2470000 - 0x00007ff9a250d000 	C:\Windows\System32\msvcrt.dll
0x00007ff9a22e0000 - 0x00007ff9a246f000 	C:\Windows\System32\USER32.dll
0x00007ff99fe10000 - 0x00007ff99fe30000 	C:\Windows\System32\win32u.dll
0x00007ff9a2640000 - 0x00007ff9a2668000 	C:\Windows\System32\GDI32.dll
0x00007ff9a0600000 - 0x00007ff9a0793000 	C:\Windows\System32\gdi32full.dll
0x00007ff99f780000 - 0x00007ff99f81b000 	C:\Windows\System32\msvcp_win.dll
0x00007ff99fa90000 - 0x00007ff99fb86000 	C:\Windows\System32\ucrtbase.dll
0x00007ff9a25e0000 - 0x00007ff9a2631000 	C:\Windows\System32\SHLWAPI.dll
0x00007ff9a2cc0000 - 0x00007ff9a2fc8000 	C:\Windows\System32\combase.dll
0x00007ff9a2fd0000 - 0x00007ff9a30ef000 	C:\Windows\System32\RPCRT4.dll
0x00007ff9a0580000 - 0x00007ff9a05f2000 	C:\Windows\System32\bcryptPrimitives.dll
0x00007ff999920000 - 0x00007ff9999a6000 	C:\Windows\SYSTEM32\WINSPOOL.DRV
0x00007ff99ecf0000 - 0x00007ff99ed29000 	C:\Windows\SYSTEM32\IPHLPAPI.DLL
0x00007ff99f230000 - 0x00007ff99f255000 	C:\Windows\SYSTEM32\bcrypt.dll
0x0000022844390000 - 0x0000022844393000 	C:\Windows\SYSTEM32\sfc.dll
0x00007ff99aee0000 - 0x00007ff99aef3000 	C:\Windows\SYSTEM32\sfc_os.DLL
0x00007ff979680000 - 0x00007ff979691000 	C:\Windows\SYSTEM32\SortWindows61.dll
0x00007ff9a2b20000 - 0x00007ff9a2b4d000 	C:\Windows\System32\IMM32.DLL
0x00007ff9547c0000 - 0x00007ff9547d9000 	C:\sts-4.13.1.RELEASE\plugins\org.eclipse.justj.openjdk.hotspot.jre.full.win32.x86_64_17.0.1.v20211116-1657\jre\bin\VCRUNTIME140.dll
0x00007ff9547e0000 - 0x00007ff9547f8000 	C:\sts-4.13.1.RELEASE\plugins\org.eclipse.justj.openjdk.hotspot.jre.full.win32.x86_64_17.0.1.v20211116-1657\jre\bin\jli.dll
0x00007ff995dc0000 - 0x00007ff996029000 	C:\Windows\WinSxS\amd64_microsoft.windows.common-controls_6595b64144ccf1df_6.0.16299.125_none_15cbcf8893620c09\COMCTL32.dll
0x00007ff97d530000 - 0x00007ff97d53c000 	C:\sts-4.13.1.RELEASE\plugins\org.eclipse.justj.openjdk.hotspot.jre.full.win32.x86_64_17.0.1.v20211116-1657\jre\bin\vcruntime140_1.dll
0x00007ff954640000 - 0x00007ff9546d1000 	C:\sts-4.13.1.RELEASE\plugins\org.eclipse.justj.openjdk.hotspot.jre.full.win32.x86_64_17.0.1.v20211116-1657\jre\bin\msvcp140.dll
0x00007ff94a4e0000 - 0x00007ff94b126000 	C:\sts-4.13.1.RELEASE\plugins\org.eclipse.justj.openjdk.hotspot.jre.full.win32.x86_64_17.0.1.v20211116-1657\jre\bin\server\jvm.dll
0x00007ff9a0d40000 - 0x00007ff9a0de1000 	C:\Windows\System32\ADVAPI32.dll
0x00007ff9a30f0000 - 0x00007ff9a314b000 	C:\Windows\System32\sechost.dll
0x00007ff9a0c90000 - 0x00007ff9a0c98000 	C:\Windows\System32\PSAPI.DLL
0x00007ff98c7e0000 - 0x00007ff98c7e9000 	C:\Windows\SYSTEM32\WSOCK32.dll
0x00007ff99c160000 - 0x00007ff99c183000 	C:\Windows\SYSTEM32\WINMM.dll
0x00007ff999c70000 - 0x00007ff999c7a000 	C:\Windows\SYSTEM32\VERSION.dll
0x00007ff99c0f0000 - 0x00007ff99c11a000 	C:\Windows\SYSTEM32\WINMMBASE.dll
0x00007ff9a0800000 - 0x00007ff9a084a000 	C:\Windows\System32\cfgmgr32.dll
0x00007ff9a2b60000 - 0x00007ff9a2bcc000 	C:\Windows\System32\WS2_32.dll
0x00007ff99f6f0000 - 0x00007ff99f701000 	C:\Windows\System32\kernel.appcore.dll
0x00007ff97f7a0000 - 0x00007ff97f7aa000 	C:\sts-4.13.1.RELEASE\plugins\org.eclipse.justj.openjdk.hotspot.jre.full.win32.x86_64_17.0.1.v20211116-1657\jre\bin\jimage.dll
0x00007ff98f1b0000 - 0x00007ff98f378000 	C:\Windows\SYSTEM32\DBGHELP.DLL
0x00007ff98e930000 - 0x00007ff98e959000 	C:\Windows\SYSTEM32\dbgcore.DLL
0x00007ff9549d0000 - 0x00007ff9549f5000 	C:\sts-4.13.1.RELEASE\plugins\org.eclipse.justj.openjdk.hotspot.jre.full.win32.x86_64_17.0.1.v20211116-1657\jre\bin\java.dll
0x00007ff954b70000 - 0x00007ff954b88000 	C:\sts-4.13.1.RELEASE\plugins\org.eclipse.justj.openjdk.hotspot.jre.full.win32.x86_64_17.0.1.v20211116-1657\jre\bin\zip.dll
0x00007ff9a0ea0000 - 0x00007ff9a22d6000 	C:\Windows\System32\SHELL32.dll
0x00007ff9a3150000 - 0x00007ff9a31f6000 	C:\Windows\System32\shcore.dll
0x00007ff99fe30000 - 0x00007ff9a0577000 	C:\Windows\System32\windows.storage.dll
0x00007ff99f710000 - 0x00007ff99f75c000 	C:\Windows\System32\powrprof.dll
0x00007ff99f760000 - 0x00007ff99f77b000 	C:\Windows\System32\profapi.dll
0x00007ff954950000 - 0x00007ff954969000 	C:\sts-4.13.1.RELEASE\plugins\org.eclipse.justj.openjdk.hotspot.jre.full.win32.x86_64_17.0.1.v20211116-1657\jre\bin\net.dll
0x00007ff9958b0000 - 0x00007ff99598e000 	C:\Windows\SYSTEM32\WINHTTP.dll
0x00007ff99ef60000 - 0x00007ff99efc6000 	C:\Windows\system32\mswsock.dll
0x00007ff954930000 - 0x00007ff954945000 	C:\sts-4.13.1.RELEASE\plugins\org.eclipse.justj.openjdk.hotspot.jre.full.win32.x86_64_17.0.1.v20211116-1657\jre\bin\nio.dll
0x00007ff97d3c0000 - 0x00007ff97d3c9000 	C:\sts-4.13.1.RELEASE\plugins\org.eclipse.justj.openjdk.hotspot.jre.full.win32.x86_64_17.0.1.v20211116-1657\jre\bin\management.dll
0x00007ff97cd90000 - 0x00007ff97cd9b000 	C:\sts-4.13.1.RELEASE\plugins\org.eclipse.justj.openjdk.hotspot.jre.full.win32.x86_64_17.0.1.v20211116-1657\jre\bin\management_ext.dll

dbghelp: loaded successfully - version: 4.0.5 - missing functions: none
symbol engine: initialized successfully - sym options: 0x614 - pdb path: .;C:\sts-4.13.1.RELEASE\plugins\org.eclipse.justj.openjdk.hotspot.jre.full.win32.x86_64_17.0.1.v20211116-1657\jre\bin;C:\Windows\SYSTEM32;C:\Windows\WinSxS\amd64_microsoft.windows.common-controls_6595b64144ccf1df_6.0.16299.125_none_15cbcf8893620c09;C:\sts-4.13.1.RELEASE\plugins\org.eclipse.justj.openjdk.hotspot.jre.full.win32.x86_64_17.0.1.v20211116-1657\jre\bin\server

VM Arguments:
jvm_args: -Dcom.sun.management.jmxremote -Dcom.sun.management.jmxremote.port=55879 -Dcom.sun.management.jmxremote.authenticate=false -Dcom.sun.management.jmxremote.ssl=false -Djava.rmi.server.hostname=localhost -Dspring.jmx.enabled=true -Dspring.application.admin.enabled=true -XX:TieredStopAtLevel=1 -Dspring.boot.project.name=review -Dfile.encoding=UTF-8 -XX:+ShowCodeDetailsInExceptionMessages 
java_command: com.example.review.ReviewApplication --spring.output.ansi.enabled=always
java_class_path (initial): C:\PerScholas\Spring\it-book-review\backend\review\target\classes;C:\Users\Kira\.m2\repository\org\springframework\boot\spring-boot-starter-data-jpa\2.6.4\spring-boot-starter-data-jpa-2.6.4.jar;C:\Users\Kira\.m2\repository\org\springframework\boot\spring-boot-starter-aop\2.6.4\spring-boot-starter-aop-2.6.4.jar;C:\Users\Kira\.m2\repository\org\springframework\spring-aop\5.3.16\spring-aop-5.3.16.jar;C:\Users\Kira\.m2\repository\org\aspectj\aspectjweaver\1.9.7\aspectjweaver-1.9.7.jar;C:\Users\Kira\.m2\repository\org\springframework\boot\spring-boot-starter-jdbc\2.6.4\spring-boot-starter-jdbc-2.6.4.jar;C:\Users\Kira\.m2\repository\com\zaxxer\HikariCP\4.0.3\HikariCP-4.0.3.jar;C:\Users\Kira\.m2\repository\org\springframework\spring-jdbc\5.3.16\spring-jdbc-5.3.16.jar;C:\Users\Kira\.m2\repository\jakarta\transaction\jakarta.transaction-api\1.3.3\jakarta.transaction-api-1.3.3.jar;C:\Users\Kira\.m2\repository\jakarta\persistence\jakarta.persistence-api\2.2.3\jakarta.persistence-api-2.2.3.jar;C:\Users\Kira\.m2\repository\org\hibernate\hibernate-core\5.6.5.Final\hibernate-core-5.6.5.Final.jar;C:\Users\Kira\.m2\repository\org\jboss\logging\jboss-logging\3.4.3.Final\jboss-logging-3.4.3.Final.jar;C:\Users\Kira\.m2\repository\net\bytebuddy\byte-buddy\1.11.22\byte-buddy-1.11.22.jar;C:\Users\Kira\.m2\repository\antlr\antlr\2.7.7\antlr-2.7.7.jar;C:\Users\Kira\.m2\repository\org\jboss\jandex\2.4.2.Final\jandex-2.4.2.Final.jar;C:\Users\Kira\.m2\repository\com\fasterxml\classmate\1.5.1\classmate-1.5.1.jar;C:\Users\Kira\.m2\repository\org\hibernate\common\hibernate-commons-annotations\5.1.2.Final\hibernate-commons-annotations-5.1.2.Final.jar;C:\Users\Kira\.m2\repository\org\glassfish\jaxb\jaxb-runtime\2.3.6\jaxb-runtime-2.3.6.jar;C:\Users\Kira\.m2\repository\org\glassfish\jaxb\txw2\2.3.6\txw2-2.3.6.jar;C:\Users\Kira\.m2\repository\com\sun\istack\istack-commons-runtime\3.0.12\istack-commons-runtime-3.0.12.jar;C:\Users\Kira\.m2\repository\com\sun\activation\jaka
Launcher Type: SUN_STANDARD

[Global flags]
     intx CICompilerCount                          = 4                                         {product} {ergonomic}
     uint ConcGCThreads                            = 2                                         {product} {ergonomic}
     uint G1ConcRefinementThreads                  = 8                                         {product} {ergonomic}
   size_t G1HeapRegionSize                         = 1048576                                   {product} {ergonomic}
    uintx GCDrainStackTargetSize                   = 64                                        {product} {ergonomic}
   size_t InitialHeapSize                          = 132120576                                 {product} {ergonomic}
     bool ManagementServer                         = true                                      {product} {command line}
   size_t MarkStackSize                            = 4194304                                   {product} {ergonomic}
   size_t MaxHeapSize                              = 2113929216                                {product} {ergonomic}
   size_t MaxNewSize                               = 1267728384                                {product} {ergonomic}
   size_t MinHeapDeltaBytes                        = 1048576                                   {product} {ergonomic}
   size_t MinHeapSize                              = 8388608                                   {product} {ergonomic}
    uintx NonProfiledCodeHeapSize                  = 0                                      {pd product} {ergonomic}
     bool ProfileInterpreter                       = false                                  {pd product} {command line}
    uintx ProfiledCodeHeapSize                     = 0                                      {pd product} {ergonomic}
     bool ShowCodeDetailsInExceptionMessages       = true                                   {manageable} {command line}
   size_t SoftMaxHeapSize                          = 2113929216                             {manageable} {ergonomic}
     intx TieredStopAtLevel                        = 1                                         {product} {command line}
     bool UseCompressedClassPointers               = true                           {product lp64_product} {ergonomic}
     bool UseCompressedOops                        = true                           {product lp64_product} {ergonomic}
     bool UseG1GC                                  = true                                      {product} {ergonomic}
     bool UseLargePagesIndividualAllocation        = false                                  {pd product} {ergonomic}

Logging:
Log output configuration:
 #0: stdout all=warning uptime,level,tags
 #1: stderr all=off uptime,level,tags

Environment Variables:
JAVA_HOME="C:\Program Files\Java\jdk-17.0.2"
PATH=C:/sts-4.13.1.RELEASE//plugins/org.eclipse.justj.openjdk.hotspot.jre.full.win32.x86_64_17.0.1.v20211116-1657/jre/bin/server;C:/sts-4.13.1.RELEASE//plugins/org.eclipse.justj.openjdk.hotspot.jre.full.win32.x86_64_17.0.1.v20211116-1657/jre/bin;C:\Program Files\Common Files\Oracle\Java\javapath;C:\Python310\Scripts\;C:\Python310\;C:\app\Administrator\product\18.0.0\dbhomeXE\bin;C:\Program Files (x86)\Common Files\Oracle\Java\javapath;C:\Program Files (x86)\Intel\Intel(R) Management Engine Components\iCLS\;C:\Program Files\Intel\Intel(R) Management Engine Components\iCLS\;C:\Windows\system32;C:\Windows;C:\Windows\System32\Wbem;C:\Windows\System32\WindowsPowerShell\v1.0\;C:\Program Files (x86)\Intel\Intel(R) Management Engine Components\DAL;C:\Program Files\Intel\Intel(R) Management Engine Components\DAL;C:\Program Files (x86)\Intel\Intel(R) Management Engine Components\IPT;C:\Program Files\Intel\Intel(R) Management Engine Components\IPT;C:\Program Files (x86)\NVIDIA Corporation\PhysX\Common;C:\Program Files\nodejs\;C:\ProgramData\chocolatey\bin;"C:\Program Files\Java\jdk-17.0.2"\bin;C:\Users\Kira\AppData\Local\Programs\Python\Python38-32\Scripts\;C:\Users\Kira\AppData\Local\Programs\Python\Python38-32\;C:\Users\Kira\AppData\Local\Microsoft\WindowsApps;C:\Users\Kira\AppData\Local\gitkraken\bin;C:\Users\Kira\AppData\Local\Programs\Git\cmd;C:\Users\Kira\AppData\Local\atom\bin;C:\Users\Kira\AppData\Roaming\npm;C:\Users\Kira\AppData\Local\Programs\Microsoft VS Code\bin;C:\sts-4.13.1.RELEASE;
USERNAME=Kira
OS=Windows_NT
PROCESSOR_IDENTIFIER=Intel64 Family 6 Model 142 Stepping 10, GenuineIntel



---------------  S Y S T E M  ---------------

OS:
 Windows 10 , 64 bit Build 16299 (10.0.16299.15)
OS uptime: 2 days 5:27 hours

CPU: total 8 (initial active 8) (4 cores per cpu, 2 threads per core) family 6 model 142 stepping 10 microcode 0x84, cx8, cmov, fxsr, ht, mmx, 3dnowpref, sse, sse2, sse3, ssse3, sse4.1, sse4.2, popcnt, lzcnt, tsc, tscinvbit, avx, avx2, aes, erms, clmul, bmi1, bmi2, adx, fma, vzeroupper, clflush, clflushopt

Memory: 4k page, system-wide physical 8058M (650M free)
TotalPageFile size 8314M (AvailPageFile size 3M)
current process WorkingSet (physical memory assigned to process): 59M, peak: 59M
current process commit charge ("private bytes"): 217M, peak: 217M

vm_info: OpenJDK 64-Bit Server VM (17.0.1+12) for windows-amd64 JRE (17.0.1+12), built on Oct 20 2021 07:42:55 by "" with MS VC++ 16.7 (VS2019)

END.
